c:\users\pavendhan_v\source\repos\cppclr_winformsprojekt1\cppclr_winformsprojekt1\x64\debug\loggerapp.pch
c:\users\pavendhan_v\source\repos\cppclr_winformsprojekt1\cppclr_winformsprojekt1\x64\debug\vc142.pdb
c:\users\pavendhan_v\source\repos\cppclr_winformsprojekt1\cppclr_winformsprojekt1\x64\debug\pch.obj
c:\users\pavendhan_v\source\repos\cppclr_winformsprojekt1\cppclr_winformsprojekt1\x64\debug\form1.obj
c:\users\pavendhan_v\source\repos\cppclr_winformsprojekt1\cppclr_winformsprojekt1\x64\debug\programmain.obj
c:\users\pavendhan_v\source\repos\cppclr_winformsprojekt1\cppclr_winformsprojekt1\x64\debug\loggerapp.obj
c:\users\pavendhan_v\source\repos\cppclr_winformsprojekt1\cppclr_winformsprojekt1\x64\debug\client.obj
c:\users\pavendhan_v\source\repos\cppclr_winformsprojekt1\cppclr_winformsprojekt1\x64\debug\assemblyinfo.obj
c:\users\pavendhan_v\source\repos\cppclr_winformsprojekt1\cppclr_winformsprojekt1\x64\debug\.netframework,version=v4.7.2.assemblyattributes.obj
c:\users\pavendhan_v\source\repos\cppclr_winformsprojekt1\x64\debug\loggerapp.exe
c:\users\pavendhan_v\source\repos\cppclr_winformsprojekt1\x64\debug\loggerapp.pdb
c:\users\pavendhan_v\source\repos\cppclr_winformsprojekt1\cppclr_winformsprojekt1\x64\debug\cppclr_winformsprojekt1.form1.resources
c:\users\pavendhan_v\source\repos\cppclr_winformsprojekt1\cppclr_winformsprojekt1\x64\debug\app.res
c:\users\pavendhan_v\source\repos\cppclr_winformsprojekt1\cppclr_winformsprojekt1\x64\debug\loggerapp.tlog\cl.command.1.tlog
c:\users\pavendhan_v\source\repos\cppclr_winformsprojekt1\cppclr_winformsprojekt1\x64\debug\loggerapp.tlog\cl.read.1.tlog
c:\users\pavendhan_v\source\repos\cppclr_winformsprojekt1\cppclr_winformsprojekt1\x64\debug\loggerapp.tlog\cl.write.1.tlog
c:\users\pavendhan_v\source\repos\cppclr_winformsprojekt1\cppclr_winformsprojekt1\x64\debug\loggerapp.tlog\link.command.1.tlog
c:\users\pavendhan_v\source\repos\cppclr_winformsprojekt1\cppclr_winformsprojekt1\x64\debug\loggerapp.tlog\link.read.1.tlog
c:\users\pavendhan_v\source\repos\cppclr_winformsprojekt1\cppclr_winformsprojekt1\x64\debug\loggerapp.tlog\link.write.1.tlog
c:\users\pavendhan_v\source\repos\cppclr_winformsprojekt1\cppclr_winformsprojekt1\x64\debug\loggerapp.tlog\loggerapp.write.1u.tlog
c:\users\pavendhan_v\source\repos\cppclr_winformsprojekt1\cppclr_winformsprojekt1\x64\debug\loggerapp.tlog\metagen.read.1.tlog
c:\users\pavendhan_v\source\repos\cppclr_winformsprojekt1\cppclr_winformsprojekt1\x64\debug\loggerapp.tlog\metagen.write.1.tlog
c:\users\pavendhan_v\source\repos\cppclr_winformsprojekt1\cppclr_winformsprojekt1\x64\debug\loggerapp.tlog\rc.command.1.tlog
c:\users\pavendhan_v\source\repos\cppclr_winformsprojekt1\cppclr_winformsprojekt1\x64\debug\loggerapp.tlog\rc.read.1.tlog
c:\users\pavendhan_v\source\repos\cppclr_winformsprojekt1\cppclr_winformsprojekt1\x64\debug\loggerapp.tlog\rc.write.1.tlog
